Virtual User Script started at: 31.03.2021 2:40:01
Starting action vuser_init.
Web Turbo Replay of LoadRunner 12.60.0 for Windows 10; build 971 (рту 09 2018 11:27:13)  	[MsgId: MMSG-26983]
Run mode: HTML  	[MsgId: MMSG-26993]
Replay user agent: Mozilla/5.0 (Windows NT 10.0; Win64; x64) AppleWebKit/537.36 (KHTML, like Gecko) Chrome/89.0.4389.90 Safari/537.36  	[MsgId: MMSG-26988]
Runtime Settings file: "C:\Users\Valera\Documents\VuGen\Scripts\HM_2_Silkov_Max_v1.10\\default.cfg"  	[MsgId: MMSG-27141]
vuser_init.c(6): web_reg_save_param_attrib started  	[MsgId: MMSG-26355]
vuser_init.c(6): Registering web_reg_save_param_attrib was successful  	[MsgId: MMSG-26390]
vuser_init.c(17): web_url("WebTours") started  	[MsgId: MMSG-26355]
vuser_init.c(17): Detected non-resource "http://localhost:1080/WebTours/header.html" in "http://localhost:1080/WebTours/"  	[MsgId: MMSG-26574]
vuser_init.c(17): Detected non-resource "http://localhost:1080/cgi-bin/welcome.pl?signOff=true" in "http://localhost:1080/WebTours/"  	[MsgId: MMSG-26574]
vuser_init.c(17): Found resource "http://localhost:1080/WebTours/images/hp_logo.png" in HTML "http://localhost:1080/WebTours/header.html"  	[MsgId: MMSG-26659]
vuser_init.c(17): Found resource "http://localhost:1080/WebTours/images/webtours.png" in HTML "http://localhost:1080/WebTours/header.html"  	[MsgId: MMSG-26659]
vuser_init.c(17): Detected non-resource "http://localhost:1080/cgi-bin/nav.pl?in=home" in "http://localhost:1080/cgi-bin/welcome.pl?signOff=true"  	[MsgId: MMSG-26574]
vuser_init.c(17): Detected non-resource "http://localhost:1080/WebTours/home.html" in "http://localhost:1080/cgi-bin/welcome.pl?signOff=true"  	[MsgId: MMSG-26574]
vuser_init.c(17): Found resource "http://localhost:1080/WebTours/images/mer_login.gif" in HTML "http://localhost:1080/cgi-bin/nav.pl?in=home"  	[MsgId: MMSG-26659]
vuser_init.c(17): web_url("WebTours") was successful, 10080 body bytes, 2376 header bytes, 24 chunking overhead bytes  	[MsgId: MMSG-26385]
vuser_init.c(27): web_set_sockets_option started  	[MsgId: MMSG-26355]
vuser_init.c(27): web_set_sockets_option was successful  	[MsgId: MMSG-26392]
vuser_init.c(29): web_submit_data("login.pl") started  	[MsgId: MMSG-26355]
vuser_init.c(29): Detected non-resource "http://localhost:1080/cgi-bin/nav.pl?page=menu&in=home" in "http://localhost:1080/cgi-bin/login.pl"  	[MsgId: MMSG-26574]
vuser_init.c(29): Detected non-resource "http://localhost:1080/cgi-bin/login.pl?intro=true" in "http://localhost:1080/cgi-bin/login.pl"  	[MsgId: MMSG-26574]
vuser_init.c(29): Found resource "http://localhost:1080/WebTours/images/flights.gif" in HTML "http://localhost:1080/cgi-bin/nav.pl?page=menu&in=home"  	[MsgId: MMSG-26659]
vuser_init.c(29): Found resource "http://localhost:1080/WebTours/images/itinerary.gif" in HTML "http://localhost:1080/cgi-bin/nav.pl?page=menu&in=home"  	[MsgId: MMSG-26659]
vuser_init.c(29): Found resource "http://localhost:1080/WebTours/images/in_home.gif" in HTML "http://localhost:1080/cgi-bin/nav.pl?page=menu&in=home"  	[MsgId: MMSG-26659]
vuser_init.c(29): Found resource "http://localhost:1080/WebTours/images/signoff.gif" in HTML "http://localhost:1080/cgi-bin/nav.pl?page=menu&in=home"  	[MsgId: MMSG-26659]
vuser_init.c(29): web_submit_data("login.pl") was successful, 5779 body bytes, 2034 header bytes, 36 chunking overhead bytes  	[MsgId: MMSG-26385]
Ending action vuser_init.
Running Vuser...
Starting iteration 1.
Warning -27077: The "vuser_init" section contains web function(s) when the "Simulate a new user on each iteration" Runtime Setting is ON.  This may produce unpredictable results with multiple iterations  	[MsgId: MWAR-27077]
Maximum number of concurrent connections per server: 6  	[MsgId: MMSG-26989]
Starting action Action.
Action.c(14): web_url("Search Flights Button") started  	[MsgId: MMSG-26355]
Action.c(14): Detected non-resource "http://localhost:1080/cgi-bin/nav.pl?page=menu&in=flights" in "http://localhost:1080/cgi-bin/welcome.pl?page=search"  	[MsgId: MMSG-26574]
Action.c(14): Detected non-resource "http://localhost:1080/cgi-bin/reservations.pl?page=welcome" in "http://localhost:1080/cgi-bin/welcome.pl?page=search"  	[MsgId: MMSG-26574]
Action.c(14): Found resource "http://localhost:1080/WebTours/images/in_flights.gif" in HTML "http://localhost:1080/cgi-bin/nav.pl?page=menu&in=flights"  	[MsgId: MMSG-26659]
Action.c(14): Resource "http://localhost:1080/WebTours/images/itinerary.gif" is in the cache already and will not be downloaded again  	[MsgId: MMSG-26655]
Action.c(14): Found resource "http://localhost:1080/WebTours/images/home.gif" in HTML "http://localhost:1080/cgi-bin/nav.pl?page=menu&in=flights"  	[MsgId: MMSG-26659]
Action.c(14): Resource "http://localhost:1080/WebTours/images/signoff.gif" is in the cache already and will not be downloaded again  	[MsgId: MMSG-26655]
Action.c(14): Found resource "http://localhost:1080/WebTours/images/button_next.gif" in HTML "http://localhost:1080/cgi-bin/reservations.pl?page=welcome"  	[MsgId: MMSG-26659]
Action.c(14): web_url("Search Flights Button") was successful, 8516 body bytes, 1619 header bytes, 43 chunking overhead bytes  	[MsgId: MMSG-26385]
Action.c(24): web_reg_save_param_ex started  	[MsgId: MMSG-26355]
Action.c(24): Registering web_reg_save_param_ex was successful  	[MsgId: MMSG-26390]
Action.c(34): web_submit_data("reservations.pl") started  	[MsgId: MMSG-26355]
Action.c(34): Resource "http://localhost:1080/WebTours/images/button_next.gif" is in the cache already and will not be downloaded again  	[MsgId: MMSG-26655]
Action.c(34): web_submit_data("reservations.pl") was successful, 2440 body bytes, 255 header bytes, 12 chunking overhead bytes  	[MsgId: MMSG-26385]
Action.c(58): web_submit_data("reservations.pl_2") started  	[MsgId: MMSG-26355]
Action.c(58): Resource "http://localhost:1080/WebTours/images/button_next.gif" is in the cache already and will not be downloaded again  	[MsgId: MMSG-26655]
Action.c(58): web_submit_data("reservations.pl_2") was successful, 2698 body bytes, 255 header bytes, 12 chunking overhead bytes  	[MsgId: MMSG-26385]
Action.c(82): web_submit_data("reservations.pl_3") started  	[MsgId: MMSG-26355]
Action.c(82): Found resource "http://localhost:1080/WebTours/images/bookanother.gif" in HTML "http://localhost:1080/cgi-bin/reservations.pl"  	[MsgId: MMSG-26659]
Action.c(82): web_submit_data("reservations.pl_3") was successful, 3287 body bytes, 659 header bytes, 12 chunking overhead bytes  	[MsgId: MMSG-26385]
Ending action Action.
Starting action Action1.
Action1.c(4): web_reg_save_param_ex started  	[MsgId: MMSG-26355]
Action1.c(4): Registering web_reg_save_param_ex was successful  	[MsgId: MMSG-26390]
Action1.c(12): web_reg_find started  	[MsgId: MMSG-26355]
Action1.c(12): Registering web_reg_find was successful  	[MsgId: MMSG-26390]
Action1.c(18): web_url("Itinerary Button") started  	[MsgId: MMSG-26355]
Action1.c(18): Detected non-resource "http://localhost:1080/cgi-bin/nav.pl?page=menu&in=itinerary" in "http://localhost:1080/cgi-bin/welcome.pl?page=itinerary"  	[MsgId: MMSG-26574]
Action1.c(18): Detected non-resource "http://localhost:1080/cgi-bin/itinerary.pl" in "http://localhost:1080/cgi-bin/welcome.pl?page=itinerary"  	[MsgId: MMSG-26574]
Action1.c(18): Resource "http://localhost:1080/WebTours/images/flights.gif" is in the cache already and will not be downloaded again  	[MsgId: MMSG-26655]
Action1.c(18): Found resource "http://localhost:1080/WebTours/images/in_itinerary.gif" in HTML "http://localhost:1080/cgi-bin/nav.pl?page=menu&in=itinerary"  	[MsgId: MMSG-26659]
Action1.c(18): Resource "http://localhost:1080/WebTours/images/home.gif" is in the cache already and will not be downloaded again  	[MsgId: MMSG-26655]
Action1.c(18): Resource "http://localhost:1080/WebTours/images/signoff.gif" is in the cache already and will not be downloaded again  	[MsgId: MMSG-26655]
Action1.c(18): Found resource "http://localhost:1080/WebTours/images/cancelreservation.gif" in HTML "http://localhost:1080/cgi-bin/itinerary.pl"  	[MsgId: MMSG-26659]
Action1.c(18): Found resource "http://localhost:1080/WebTours/images/cancelallreservations.gif" in HTML "http://localhost:1080/cgi-bin/itinerary.pl"  	[MsgId: MMSG-26659]
Action1.c(18): Registered web_reg_find successful for "Text=A First class ticket for" (count=1)  	[MsgId: MMSG-26364]
Action1.c(18): web_url("Itinerary Button") was successful, 7007 body bytes, 1618 header bytes, 36 chunking overhead bytes  	[MsgId: MMSG-26385]
Action1.c(29): Price first ticket = 515
Action1.c(30): Number of ticket 1 class= 1
Ending action Action1.
Ending iteration 1.
Starting iteration 2.
Starting action Action.
Action.c(14): web_url("Search Flights Button") started  	[MsgId: MMSG-26355]
Action.c(14): Detected non-resource "http://localhost:1080/cgi-bin/nav.pl?page=menu&in=flights" in "http://localhost:1080/cgi-bin/welcome.pl?page=search"  	[MsgId: MMSG-26574]
Action.c(14): Detected non-resource "http://localhost:1080/cgi-bin/reservations.pl?page=welcome" in "http://localhost:1080/cgi-bin/welcome.pl?page=search"  	[MsgId: MMSG-26574]
Action.c(14): Found resource "http://localhost:1080/WebTours/images/in_flights.gif" in HTML "http://localhost:1080/cgi-bin/nav.pl?page=menu&in=flights"  	[MsgId: MMSG-26659]
Action.c(14): Found resource "http://localhost:1080/WebTours/images/itinerary.gif" in HTML "http://localhost:1080/cgi-bin/nav.pl?page=menu&in=flights"  	[MsgId: MMSG-26659]
Action.c(14): Found resource "http://localhost:1080/WebTours/images/home.gif" in HTML "http://localhost:1080/cgi-bin/nav.pl?page=menu&in=flights"  	[MsgId: MMSG-26659]
Action.c(14): Found resource "http://localhost:1080/WebTours/images/signoff.gif" in HTML "http://localhost:1080/cgi-bin/nav.pl?page=menu&in=flights"  	[MsgId: MMSG-26659]
Action.c(14): Found resource "http://localhost:1080/WebTours/images/button_next.gif" in HTML "http://localhost:1080/cgi-bin/reservations.pl?page=welcome"  	[MsgId: MMSG-26659]
Action.c(14): web_url("Search Flights Button") was successful, 10000 body bytes, 2220 header bytes, 43 chunking overhead bytes  	[MsgId: MMSG-26385]
Action.c(24): web_reg_save_param_ex started  	[MsgId: MMSG-26355]
Action.c(24): Registering web_reg_save_param_ex was successful  	[MsgId: MMSG-26390]
Action.c(34): web_submit_data("reservations.pl") started  	[MsgId: MMSG-26355]
Action.c(34): Resource "http://localhost:1080/WebTours/images/button_next.gif" is in the cache already and will not be downloaded again  	[MsgId: MMSG-26655]
Action.c(34): web_submit_data("reservations.pl") was successful, 2456 body bytes, 255 header bytes, 12 chunking overhead bytes  	[MsgId: MMSG-26385]
Action.c(58): web_submit_data("reservations.pl_2") started  	[MsgId: MMSG-26355]
Action.c(58): Resource "http://localhost:1080/WebTours/images/button_next.gif" is in the cache already and will not be downloaded again  	[MsgId: MMSG-26655]
Action.c(58): web_submit_data("reservations.pl_2") was successful, 2698 body bytes, 255 header bytes, 12 chunking overhead bytes  	[MsgId: MMSG-26385]
Action.c(82): web_submit_data("reservations.pl_3") started  	[MsgId: MMSG-26355]
Action.c(82): Found resource "http://localhost:1080/WebTours/images/bookanother.gif" in HTML "http://localhost:1080/cgi-bin/reservations.pl"  	[MsgId: MMSG-26659]
Action.c(82): web_submit_data("reservations.pl_3") was successful, 3303 body bytes, 659 header bytes, 12 chunking overhead bytes  	[MsgId: MMSG-26385]
Ending action Action.
Starting action Action1.
Action1.c(4): web_reg_save_param_ex started  	[MsgId: MMSG-26355]
Action1.c(4): Registering web_reg_save_param_ex was successful  	[MsgId: MMSG-26390]
Action1.c(12): web_reg_find started  	[MsgId: MMSG-26355]
Action1.c(12): Registering web_reg_find was successful  	[MsgId: MMSG-26390]
Action1.c(18): web_url("Itinerary Button") started  	[MsgId: MMSG-26355]
Action1.c(18): Detected non-resource "http://localhost:1080/cgi-bin/nav.pl?page=menu&in=itinerary" in "http://localhost:1080/cgi-bin/welcome.pl?page=itinerary"  	[MsgId: MMSG-26574]
Action1.c(18): Detected non-resource "http://localhost:1080/cgi-bin/itinerary.pl" in "http://localhost:1080/cgi-bin/welcome.pl?page=itinerary"  	[MsgId: MMSG-26574]
Action1.c(18): Found resource "http://localhost:1080/WebTours/images/flights.gif" in HTML "http://localhost:1080/cgi-bin/nav.pl?page=menu&in=itinerary"  	[MsgId: MMSG-26659]
Action1.c(18): Found resource "http://localhost:1080/WebTours/images/in_itinerary.gif" in HTML "http://localhost:1080/cgi-bin/nav.pl?page=menu&in=itinerary"  	[MsgId: MMSG-26659]
Action1.c(18): Resource "http://localhost:1080/WebTours/images/home.gif" is in the cache already and will not be downloaded again  	[MsgId: MMSG-26655]
Action1.c(18): Resource "http://localhost:1080/WebTours/images/signoff.gif" is in the cache already and will not be downloaded again  	[MsgId: MMSG-26655]
Action1.c(18): Found resource "http://localhost:1080/WebTours/images/cancelreservation.gif" in HTML "http://localhost:1080/cgi-bin/itinerary.pl"  	[MsgId: MMSG-26659]
Action1.c(18): Found resource "http://localhost:1080/WebTours/images/cancelallreservations.gif" in HTML "http://localhost:1080/cgi-bin/itinerary.pl"  	[MsgId: MMSG-26659]
Action1.c(18): Registered web_reg_find successful for "Text=A First class ticket for" (count=1)  	[MsgId: MMSG-26364]
Action1.c(18): web_url("Itinerary Button") was successful, 8871 body bytes, 1916 header bytes, 36 chunking overhead bytes  	[MsgId: MMSG-26385]
Action1.c(29): Price first ticket = 515
Action1.c(30): Number of ticket 1 class= 1
Ending action Action1.
Ending iteration 2.
Starting iteration 3.
Starting action Action.
Action.c(14): web_url("Search Flights Button") started  	[MsgId: MMSG-26355]
Action.c(14): Detected non-resource "http://localhost:1080/cgi-bin/nav.pl?page=menu&in=flights" in "http://localhost:1080/cgi-bin/welcome.pl?page=search"  	[MsgId: MMSG-26574]
Action.c(14): Detected non-resource "http://localhost:1080/cgi-bin/reservations.pl?page=welcome" in "http://localhost:1080/cgi-bin/welcome.pl?page=search"  	[MsgId: MMSG-26574]
Action.c(14): Found resource "http://localhost:1080/WebTours/images/in_flights.gif" in HTML "http://localhost:1080/cgi-bin/nav.pl?page=menu&in=flights"  	[MsgId: MMSG-26659]
Action.c(14): Found resource "http://localhost:1080/WebTours/images/itinerary.gif" in HTML "http://localhost:1080/cgi-bin/nav.pl?page=menu&in=flights"  	[MsgId: MMSG-26659]
Action.c(14): Found resource "http://localhost:1080/WebTours/images/home.gif" in HTML "http://localhost:1080/cgi-bin/nav.pl?page=menu&in=flights"  	[MsgId: MMSG-26659]
Action.c(14): Found resource "http://localhost:1080/WebTours/images/signoff.gif" in HTML "http://localhost:1080/cgi-bin/nav.pl?page=menu&in=flights"  	[MsgId: MMSG-26659]
Action.c(14): Found resource "http://localhost:1080/WebTours/images/button_next.gif" in HTML "http://localhost:1080/cgi-bin/reservations.pl?page=welcome"  	[MsgId: MMSG-26659]
Action.c(14): web_url("Search Flights Button") was successful, 10000 body bytes, 2220 header bytes, 43 chunking overhead bytes  	[MsgId: MMSG-26385]
Action.c(24): web_reg_save_param_ex started  	[MsgId: MMSG-26355]
Action.c(24): Registering web_reg_save_param_ex was successful  	[MsgId: MMSG-26390]
Action.c(34): web_submit_data("reservations.pl") started  	[MsgId: MMSG-26355]
Action.c(34): Resource "http://localhost:1080/WebTours/images/button_next.gif" is in the cache already and will not be downloaded again  	[MsgId: MMSG-26655]
Action.c(34): web_submit_data("reservations.pl") was successful, 2439 body bytes, 255 header bytes, 12 chunking overhead bytes  	[MsgId: MMSG-26385]
Action.c(58): web_submit_data("reservations.pl_2") started  	[MsgId: MMSG-26355]
Action.c(58): Resource "http://localhost:1080/WebTours/images/button_next.gif" is in the cache already and will not be downloaded again  	[MsgId: MMSG-26655]
Action.c(58): web_submit_data("reservations.pl_2") was successful, 2699 body bytes, 255 header bytes, 12 chunking overhead bytes  	[MsgId: MMSG-26385]
Action.c(82): web_submit_data("reservations.pl_3") started  	[MsgId: MMSG-26355]
Action.c(82): Found resource "http://localhost:1080/WebTours/images/bookanother.gif" in HTML "http://localhost:1080/cgi-bin/reservations.pl"  	[MsgId: MMSG-26659]
Action.c(82): web_submit_data("reservations.pl_3") was successful, 3285 body bytes, 659 header bytes, 12 chunking overhead bytes  	[MsgId: MMSG-26385]
Ending action Action.
Starting action Action1.
Action1.c(4): web_reg_save_param_ex started  	[MsgId: MMSG-26355]
Action1.c(4): Registering web_reg_save_param_ex was successful  	[MsgId: MMSG-26390]
Action1.c(12): web_reg_find started  	[MsgId: MMSG-26355]
Action1.c(12): Registering web_reg_find was successful  	[MsgId: MMSG-26390]
Action1.c(18): web_url("Itinerary Button") started  	[MsgId: MMSG-26355]
Action1.c(18): Detected non-resource "http://localhost:1080/cgi-bin/nav.pl?page=menu&in=itinerary" in "http://localhost:1080/cgi-bin/welcome.pl?page=itinerary"  	[MsgId: MMSG-26574]
Action1.c(18): Detected non-resource "http://localhost:1080/cgi-bin/itinerary.pl" in "http://localhost:1080/cgi-bin/welcome.pl?page=itinerary"  	[MsgId: MMSG-26574]
Action1.c(18): Found resource "http://localhost:1080/WebTours/images/cancelreservation.gif" in HTML "http://localhost:1080/cgi-bin/itinerary.pl"  	[MsgId: MMSG-26659]
Action1.c(18): Found resource "http://localhost:1080/WebTours/images/cancelallreservations.gif" in HTML "http://localhost:1080/cgi-bin/itinerary.pl"  	[MsgId: MMSG-26659]
Action1.c(18): Found resource "http://localhost:1080/WebTours/images/flights.gif" in HTML "http://localhost:1080/cgi-bin/nav.pl?page=menu&in=itinerary"  	[MsgId: MMSG-26659]
Action1.c(18): Found resource "http://localhost:1080/WebTours/images/in_itinerary.gif" in HTML "http://localhost:1080/cgi-bin/nav.pl?page=menu&in=itinerary"  	[MsgId: MMSG-26659]
Action1.c(18): Resource "http://localhost:1080/WebTours/images/home.gif" is in the cache already and will not be downloaded again  	[MsgId: MMSG-26655]
Action1.c(18): Resource "http://localhost:1080/WebTours/images/signoff.gif" is in the cache already and will not be downloaded again  	[MsgId: MMSG-26655]
Action1.c(18): Registered web_reg_find successful for "Text=A First class ticket for" (count=1)  	[MsgId: MMSG-26364]
Action1.c(18): web_url("Itinerary Button") was successful, 10004 body bytes, 1916 header bytes, 43 chunking overhead bytes  	[MsgId: MMSG-26385]
Action1.c(29): Price first ticket = 515
Action1.c(30): Number of ticket 1 class= 1
Ending action Action1.
Ending iteration 3.
Starting iteration 4.
Starting action Action.
Action.c(14): web_url("Search Flights Button") started  	[MsgId: MMSG-26355]
Action.c(14): Detected non-resource "http://localhost:1080/cgi-bin/nav.pl?page=menu&in=flights" in "http://localhost:1080/cgi-bin/welcome.pl?page=search"  	[MsgId: MMSG-26574]
Action.c(14): Detected non-resource "http://localhost:1080/cgi-bin/reservations.pl?page=welcome" in "http://localhost:1080/cgi-bin/welcome.pl?page=search"  	[MsgId: MMSG-26574]
Action.c(14): Found resource "http://localhost:1080/WebTours/images/in_flights.gif" in HTML "http://localhost:1080/cgi-bin/nav.pl?page=menu&in=flights"  	[MsgId: MMSG-26659]
Action.c(14): Found resource "http://localhost:1080/WebTours/images/itinerary.gif" in HTML "http://localhost:1080/cgi-bin/nav.pl?page=menu&in=flights"  	[MsgId: MMSG-26659]
Action.c(14): Found resource "http://localhost:1080/WebTours/images/home.gif" in HTML "http://localhost:1080/cgi-bin/nav.pl?page=menu&in=flights"  	[MsgId: MMSG-26659]
Action.c(14): Found resource "http://localhost:1080/WebTours/images/signoff.gif" in HTML "http://localhost:1080/cgi-bin/nav.pl?page=menu&in=flights"  	[MsgId: MMSG-26659]
Action.c(14): Found resource "http://localhost:1080/WebTours/images/button_next.gif" in HTML "http://localhost:1080/cgi-bin/reservations.pl?page=welcome"  	[MsgId: MMSG-26659]
Action.c(14): web_url("Search Flights Button") was successful, 10000 body bytes, 2220 header bytes, 43 chunking overhead bytes  	[MsgId: MMSG-26385]
Action.c(24): web_reg_save_param_ex started  	[MsgId: MMSG-26355]
Action.c(24): Registering web_reg_save_param_ex was successful  	[MsgId: MMSG-26390]
Action.c(34): web_submit_data("reservations.pl") started  	[MsgId: MMSG-26355]
Action.c(34): Resource "http://localhost:1080/WebTours/images/button_next.gif" is in the cache already and will not be downloaded again  	[MsgId: MMSG-26655]
Action.c(34): web_submit_data("reservations.pl") was successful, 2454 body bytes, 255 header bytes, 12 chunking overhead bytes  	[MsgId: MMSG-26385]
Action.c(58): web_submit_data("reservations.pl_2") started  	[MsgId: MMSG-26355]
Action.c(58): Resource "http://localhost:1080/WebTours/images/button_next.gif" is in the cache already and will not be downloaded again  	[MsgId: MMSG-26655]
Action.c(58): web_submit_data("reservations.pl_2") was successful, 2700 body bytes, 255 header bytes, 12 chunking overhead bytes  	[MsgId: MMSG-26385]
Action.c(82): web_submit_data("reservations.pl_3") started  	[MsgId: MMSG-26355]
Action.c(82): Found resource "http://localhost:1080/WebTours/images/bookanother.gif" in HTML "http://localhost:1080/cgi-bin/reservations.pl"  	[MsgId: MMSG-26659]
Action.c(82): web_submit_data("reservations.pl_3") was successful, 3296 body bytes, 659 header bytes, 12 chunking overhead bytes  	[MsgId: MMSG-26385]
Ending action Action.
Starting action Action1.
Action1.c(4): web_reg_save_param_ex started  	[MsgId: MMSG-26355]
Action1.c(4): Registering web_reg_save_param_ex was successful  	[MsgId: MMSG-26390]
Action1.c(12): web_reg_find started  	[MsgId: MMSG-26355]
Action1.c(12): Registering web_reg_find was successful  	[MsgId: MMSG-26390]
Action1.c(18): web_url("Itinerary Button") started  	[MsgId: MMSG-26355]
Action1.c(18): Detected non-resource "http://localhost:1080/cgi-bin/nav.pl?page=menu&in=itinerary" in "http://localhost:1080/cgi-bin/welcome.pl?page=itinerary"  	[MsgId: MMSG-26574]
Action1.c(18): Detected non-resource "http://localhost:1080/cgi-bin/itinerary.pl" in "http://localhost:1080/cgi-bin/welcome.pl?page=itinerary"  	[MsgId: MMSG-26574]
Action1.c(18): Found resource "http://localhost:1080/WebTours/images/cancelreservation.gif" in HTML "http://localhost:1080/cgi-bin/itinerary.pl"  	[MsgId: MMSG-26659]
Action1.c(18): Found resource "http://localhost:1080/WebTours/images/cancelallreservations.gif" in HTML "http://localhost:1080/cgi-bin/itinerary.pl"  	[MsgId: MMSG-26659]
Action1.c(18): Found resource "http://localhost:1080/WebTours/images/flights.gif" in HTML "http://localhost:1080/cgi-bin/nav.pl?page=menu&in=itinerary"  	[MsgId: MMSG-26659]
Action1.c(18): Found resource "http://localhost:1080/WebTours/images/in_itinerary.gif" in HTML "http://localhost:1080/cgi-bin/nav.pl?page=menu&in=itinerary"  	[MsgId: MMSG-26659]
Action1.c(18): Resource "http://localhost:1080/WebTours/images/home.gif" is in the cache already and will not be downloaded again  	[MsgId: MMSG-26655]
Action1.c(18): Resource "http://localhost:1080/WebTours/images/signoff.gif" is in the cache already and will not be downloaded again  	[MsgId: MMSG-26655]
Action1.c(18): Registered web_reg_find successful for "Text=A First class ticket for" (count=2)  	[MsgId: MMSG-26364]
Action1.c(18): web_url("Itinerary Button") was successful, 11144 body bytes, 1916 header bytes, 43 chunking overhead bytes  	[MsgId: MMSG-26385]
Action1.c(29): Price first ticket = 515
Action1.c(30): Number of ticket 1 class= 2
Ending action Action1.
Ending iteration 4.
Starting iteration 5.
Starting action Action.
Action.c(14): web_url("Search Flights Button") started  	[MsgId: MMSG-26355]
Action.c(14): Detected non-resource "http://localhost:1080/cgi-bin/nav.pl?page=menu&in=flights" in "http://localhost:1080/cgi-bin/welcome.pl?page=search"  	[MsgId: MMSG-26574]
Action.c(14): Detected non-resource "http://localhost:1080/cgi-bin/reservations.pl?page=welcome" in "http://localhost:1080/cgi-bin/welcome.pl?page=search"  	[MsgId: MMSG-26574]
Action.c(14): Found resource "http://localhost:1080/WebTours/images/in_flights.gif" in HTML "http://localhost:1080/cgi-bin/nav.pl?page=menu&in=flights"  	[MsgId: MMSG-26659]
Action.c(14): Found resource "http://localhost:1080/WebTours/images/itinerary.gif" in HTML "http://localhost:1080/cgi-bin/nav.pl?page=menu&in=flights"  	[MsgId: MMSG-26659]
Action.c(14): Found resource "http://localhost:1080/WebTours/images/home.gif" in HTML "http://localhost:1080/cgi-bin/nav.pl?page=menu&in=flights"  	[MsgId: MMSG-26659]
Action.c(14): Found resource "http://localhost:1080/WebTours/images/signoff.gif" in HTML "http://localhost:1080/cgi-bin/nav.pl?page=menu&in=flights"  	[MsgId: MMSG-26659]
Action.c(14): Found resource "http://localhost:1080/WebTours/images/button_next.gif" in HTML "http://localhost:1080/cgi-bin/reservations.pl?page=welcome"  	[MsgId: MMSG-26659]
Action.c(14): web_url("Search Flights Button") was successful, 10000 body bytes, 2220 header bytes, 43 chunking overhead bytes  	[MsgId: MMSG-26385]
Action.c(24): web_reg_save_param_ex started  	[MsgId: MMSG-26355]
Action.c(24): Registering web_reg_save_param_ex was successful  	[MsgId: MMSG-26390]
Action.c(34): web_submit_data("reservations.pl") started  	[MsgId: MMSG-26355]
Action.c(34): Resource "http://localhost:1080/WebTours/images/button_next.gif" is in the cache already and will not be downloaded again  	[MsgId: MMSG-26655]
Action.c(34): web_submit_data("reservations.pl") was successful, 2434 body bytes, 255 header bytes, 12 chunking overhead bytes  	[MsgId: MMSG-26385]
Action.c(58): web_submit_data("reservations.pl_2") started  	[MsgId: MMSG-26355]
Action.c(58): Resource "http://localhost:1080/WebTours/images/button_next.gif" is in the cache already and will not be downloaded again  	[MsgId: MMSG-26655]
Action.c(58): web_submit_data("reservations.pl_2") was successful, 2698 body bytes, 255 header bytes, 12 chunking overhead bytes  	[MsgId: MMSG-26385]
Action.c(82): web_submit_data("reservations.pl_3") started  	[MsgId: MMSG-26355]
Action.c(82): Found resource "http://localhost:1080/WebTours/images/bookanother.gif" in HTML "http://localhost:1080/cgi-bin/reservations.pl"  	[MsgId: MMSG-26659]
Action.c(82): web_submit_data("reservations.pl_3") was successful, 3281 body bytes, 659 header bytes, 12 chunking overhead bytes  	[MsgId: MMSG-26385]
Ending action Action.
Starting action Action1.
Action1.c(4): web_reg_save_param_ex started  	[MsgId: MMSG-26355]
Action1.c(4): Registering web_reg_save_param_ex was successful  	[MsgId: MMSG-26390]
Action1.c(12): web_reg_find started  	[MsgId: MMSG-26355]
Action1.c(12): Registering web_reg_find was successful  	[MsgId: MMSG-26390]
Action1.c(18): web_url("Itinerary Button") started  	[MsgId: MMSG-26355]
Action1.c(18): Detected non-resource "http://localhost:1080/cgi-bin/nav.pl?page=menu&in=itinerary" in "http://localhost:1080/cgi-bin/welcome.pl?page=itinerary"  	[MsgId: MMSG-26574]
Action1.c(18): Detected non-resource "http://localhost:1080/cgi-bin/itinerary.pl" in "http://localhost:1080/cgi-bin/welcome.pl?page=itinerary"  	[MsgId: MMSG-26574]
Action1.c(18): Found resource "http://localhost:1080/WebTours/images/flights.gif" in HTML "http://localhost:1080/cgi-bin/nav.pl?page=menu&in=itinerary"  	[MsgId: MMSG-26659]
Action1.c(18): Found resource "http://localhost:1080/WebTours/images/in_itinerary.gif" in HTML "http://localhost:1080/cgi-bin/nav.pl?page=menu&in=itinerary"  	[MsgId: MMSG-26659]
Action1.c(18): Resource "http://localhost:1080/WebTours/images/home.gif" is in the cache already and will not be downloaded again  	[MsgId: MMSG-26655]
Action1.c(18): Resource "http://localhost:1080/WebTours/images/signoff.gif" is in the cache already and will not be downloaded again  	[MsgId: MMSG-26655]
Action1.c(18): Found resource "http://localhost:1080/WebTours/images/cancelreservation.gif" in HTML "http://localhost:1080/cgi-bin/itinerary.pl"  	[MsgId: MMSG-26659]
Action1.c(18): Found resource "http://localhost:1080/WebTours/images/cancelallreservations.gif" in HTML "http://localhost:1080/cgi-bin/itinerary.pl"  	[MsgId: MMSG-26659]
Action1.c(18): Registered web_reg_find successful for "Text=A First class ticket for" (count=2)  	[MsgId: MMSG-26364]
Action1.c(18): web_url("Itinerary Button") was successful, 12271 body bytes, 1916 header bytes, 43 chunking overhead bytes  	[MsgId: MMSG-26385]
Action1.c(29): Price first ticket = 515
Action1.c(30): Number of ticket 1 class= 2
Ending action Action1.
Ending iteration 5.
Ending Vuser...
Starting action vuser_end.
Ending action vuser_end.
Vuser Terminated.
